<?xml version="1.0" encoding="UTF-8"?>
<testsuite name="com.webservice.board.web.BasicResponseDtoTest" tests="1" skipped="0" failures="0" errors="0" timestamp="2022-05-19T12:16:06" hostname="Sevas-MacBook-Pro.local" time="0.002">
  <properties/>
  <testcase name="lombokTest" classname="com.webservice.board.web.BasicResponseDtoTest" time="0.002"/>
  <system-out><![CDATA[]]></system-out>
  <system-err><![CDATA[]]></system-err>
</testsuite>
