<?xml version="1.0" encoding="UTF-8"?>
<testsuite name="com.webservice.board.BasicControllerTest" tests="2" skipped="0" failures="0" errors="0" timestamp="2022-05-19T12:16:04" hostname="Sevas-MacBook-Pro.local" time="0.11">
  <properties/>
  <testcase name="basicDtoReturn" classname="com.webservice.board.BasicControllerTest" time="0.102"/>
  <testcase name="checkBasic" classname="com.webservice.board.BasicControllerTest" time="0.008"/>
  <system-out><![CDATA[2022-05-19 21:16:04.241  INFO 7004 --- [    Test worker] .b.t.a.w.s.WebMvcTestContextBootstrapper : Neither @ContextConfiguration nor @ContextHierarchy found for test class [com.webservice.board.BasicControllerTest], using SpringBootContextLoader
2022-05-19 21:16:04.242  INFO 7004 --- [    Test worker] o.s.t.c.support.AbstractContextLoader    : Could not detect default resource locations for test class [com.webservice.board.BasicControllerTest]: no resource found for suffixes {-context.xml, Context.groovy}.
2022-05-19 21:16:04.242  INFO 7004 --- [    Test worker] t.c.s.AnnotationConfigContextLoaderUtils : Could not detect default configuration classes for test class [com.webservice.board.BasicControllerTest]: BasicControllerTest does not declare any static, non-private, non-final, nested classes annotated with @Configuration.
2022-05-19 21:16:04.258  INFO 7004 --- [    Test worker] .b.t.c.SpringBootTestContextBootstrapper : Found @SpringBootConfiguration com.webservice.board.Application for test class com.webservice.board.BasicControllerTest
2022-05-19 21:16:04.259  INFO 7004 --- [    Test worker] .b.t.a.w.s.WebMvcTestContextBootstrapper : Loaded default TestExecutionListener class names from location [META-INF/spring.factories]: [org.springframework.security.test.context.support.WithSecurityContextTestExecutionListener, org.springframework.security.test.context.support.ReactorContextTestExecutionListener, org.springframework.boot.test.autoconfigure.restdocs.RestDocsTestExecutionListener, org.springframework.boot.test.autoconfigure.web.client.MockRestServiceServerResetTestExecutionListener, org.springframework.boot.test.autoconfigure.web.servlet.MockMvcPrintOnlyOnFailureTestExecutionListener, org.springframework.boot.test.autoconfigure.web.servlet.WebDriverTestExecutionListener, org.springframework.boot.test.mock.mockito.MockitoTestExecutionListener, org.springframework.boot.test.mock.mockito.ResetMocksTestExecutionListener, org.springframework.test.context.web.ServletTestExecutionListener, org.springframework.test.context.support.DirtiesContextBeforeModesTestExecutionListener, org.springframework.test.context.support.DependencyInjectionTestExecutionListener, org.springframework.test.context.support.DirtiesContextTestExecutionListener, org.springframework.test.context.transaction.TransactionalTestExecutionListener, org.springframework.test.context.jdbc.SqlScriptsTestExecutionListener]
2022-05-19 21:16:04.259  INFO 7004 --- [    Test worker] .b.t.a.w.s.WebMvcTestContextBootstrapper : Using TestExecutionListeners: [org.springframework.test.context.web.ServletTestExecutionListener@9499643, org.springframework.test.context.support.DirtiesContextBeforeModesTestExecutionListener@776d8097, org.springframework.boot.test.mock.mockito.MockitoTestExecutionListener@7a34505a, org.springframework.boot.test.autoconfigure.SpringBootDependencyInjectionTestExecutionListener@b787274, org.springframework.test.context.support.DirtiesContextTestExecutionListener@4ec616d6, org.springframework.test.context.transaction.TransactionalTestExecutionListener@55b45ea1, org.springframework.test.context.jdbc.SqlScriptsTestExecutionListener@d5a72cd, org.springframework.security.test.context.support.WithSecurityContextTestExecutionListener@45f95ac0, org.springframework.security.test.context.support.ReactorContextTestExecutionListener@3b77940f, org.springframework.boot.test.autoconfigure.restdocs.RestDocsTestExecutionListener@4c418496, org.springframework.boot.test.autoconfigure.web.client.MockRestServiceServerResetTestExecutionListener@12d35bc9, org.springframework.boot.test.autoconfigure.web.servlet.MockMvcPrintOnlyOnFailureTestExecutionListener@1df32c09, org.springframework.boot.test.autoconfigure.web.servlet.WebDriverTestExecutionListener@1aa31454, org.springframework.boot.test.mock.mockito.ResetMocksTestExecutionListener@5a8656a2]

  .   ____          _            __ _ _
 /\\ / ___'_ __ _ _(_)_ __  __ _ \ \ \ \
( ( )\___ | '_ | '_| | '_ \/ _` | \ \ \ \
 \\/  ___)| |_)| | | | | || (_| |  ) ) ) )
  '  |____| .__|_| |_|_| |_\__, | / / / /
 =========|_|==============|___/=/_/_/_/
 :: Spring Boot ::        (v2.1.7.RELEASE)

2022-05-19 21:16:04.295  INFO 7004 --- [    Test worker] c.webservice.board.BasicControllerTest   : Starting BasicControllerTest on Sevas-MacBook-Pro.local with PID 7004 (started by Sevas in /Users/Sevas/Documents/GitHub/springboot2-webservice)
2022-05-19 21:16:04.296  INFO 7004 --- [    Test worker] c.webservice.board.BasicControllerTest   : No active profile set, falling back to default profiles: default
2022-05-19 21:16:04.647  INFO 7004 --- [    Test worker] o.s.s.concurrent.ThreadPoolTaskExecutor  : Initializing ExecutorService 'applicationTaskExecutor'
2022-05-19 21:16:04.673  INFO 7004 --- [    Test worker] o.s.b.a.w.s.WelcomePageHandlerMapping    : Adding welcome page template: index
2022-05-19 21:16:04.805  INFO 7004 --- [    Test worker] .s.s.UserDetailsServiceAutoConfiguration : 

Using generated security password: 187cbdae-c277-4a96-9ccb-b0184d7d6c64

2022-05-19 21:16:04.882  INFO 7004 --- [    Test worker] o.s.s.web.DefaultSecurityFilterChain     : Creating filter chain: any request, [org.springframework.security.web.context.request.async.WebAsyncManagerIntegrationFilter@8f589d7, org.springframework.security.web.context.SecurityContextPersistenceFilter@566cc6af, org.springframework.security.web.header.HeaderWriterFilter@4deca78, org.springframework.security.web.csrf.CsrfFilter@47f39279, org.springframework.security.web.authentication.logout.LogoutFilter@31b289da, org.springframework.security.web.authentication.UsernamePasswordAuthenticationFilter@4c7f2fdb, org.springframework.security.web.authentication.ui.DefaultLoginPageGeneratingFilter@f9cd1e6, org.springframework.security.web.authentication.ui.DefaultLogoutPageGeneratingFilter@65da1cbe, org.springframework.security.web.authentication.www.BasicAuthenticationFilter@4687366b, org.springframework.security.web.savedrequest.RequestCacheAwareFilter@d70dbeb, org.springframework.security.web.servletapi.SecurityContextHolderAwareRequestFilter@7f8f5d37, org.springframework.security.web.authentication.AnonymousAuthenticationFilter@1a914a00, org.springframework.security.web.session.SessionManagementFilter@5f65e0c0, org.springframework.security.web.access.ExceptionTranslationFilter@578198d9, org.springframework.security.web.access.intercept.FilterSecurityInterceptor@574327ed]
2022-05-19 21:16:04.897  INFO 7004 --- [    Test worker] o.s.b.t.m.w.SpringBootMockServletContext : Initializing Spring TestDispatcherServlet ''
2022-05-19 21:16:04.897  INFO 7004 --- [    Test worker] o.s.t.web.servlet.TestDispatcherServlet  : Initializing Servlet ''
2022-05-19 21:16:04.900  INFO 7004 --- [    Test worker] o.s.t.web.servlet.TestDispatcherServlet  : Completed initialization in 3 ms
2022-05-19 21:16:04.925  INFO 7004 --- [    Test worker] c.webservice.board.BasicControllerTest   : Started BasicControllerTest in 0.661 seconds (JVM running for 7.073)
@@@@@@@@@@@@@@@ hello, 1000
]]></system-out>
  <system-err><![CDATA[]]></system-err>
</testsuite>
