<?xml version="1.0" encoding="UTF-8"?>
<testsuite name="com.webservice.board.domain.posts.PostsRepositoryTest" tests="1" skipped="0" failures="0" errors="0" timestamp="2022-05-09T13:51:38" hostname="Sevas-MacBook-Pro.local" time="0.545">
  <properties/>
  <testcase name="registerBaseTimeEntity" classname="com.webservice.board.domain.posts.PostsRepositoryTest" time="0.545"/>
  <system-out><![CDATA[22:51:33.780 [Test worker] DEBUG org.springframework.test.context.junit4.SpringJUnit4ClassRunner - SpringJUnit4ClassRunner constructor called with [class com.webservice.board.domain.posts.PostsRepositoryTest]
22:51:33.787 [Test worker] DEBUG org.springframework.test.context.BootstrapUtils - Instantiating CacheAwareContextLoaderDelegate from class [org.springframework.test.context.cache.DefaultCacheAwareContextLoaderDelegate]
22:51:33.795 [Test worker] DEBUG org.springframework.test.context.BootstrapUtils - Instantiating BootstrapContext using constructor [public org.springframework.test.context.support.DefaultBootstrapContext(java.lang.Class,org.springframework.test.context.CacheAwareContextLoaderDelegate)]
22:51:33.812 [Test worker] DEBUG org.springframework.test.context.BootstrapUtils - Instantiating TestContextBootstrapper for test class [com.webservice.board.domain.posts.PostsRepositoryTest] from class [org.springframework.boot.test.context.SpringBootTestContextBootstrapper]
22:51:33.821 [Test worker] INFO org.springframework.boot.test.context.SpringBootTestContextBootstrapper - Neither @ContextConfiguration nor @ContextHierarchy found for test class [com.webservice.board.domain.posts.PostsRepositoryTest], using SpringBootContextLoader
22:51:33.825 [Test worker] DEBUG org.springframework.test.context.support.AbstractContextLoader - Did not detect default resource location for test class [com.webservice.board.domain.posts.PostsRepositoryTest]: class path resource [com/webservice/board/domain/posts/PostsRepositoryTest-context.xml] does not exist
22:51:33.825 [Test worker] DEBUG org.springframework.test.context.support.AbstractContextLoader - Did not detect default resource location for test class [com.webservice.board.domain.posts.PostsRepositoryTest]: class path resource [com/webservice/board/domain/posts/PostsRepositoryTestContext.groovy] does not exist
22:51:33.825 [Test worker] INFO org.springframework.test.context.support.AbstractContextLoader - Could not detect default resource locations for test class [com.webservice.board.domain.posts.PostsRepositoryTest]: no resource found for suffixes {-context.xml, Context.groovy}.
22:51:33.826 [Test worker] INFO org.springframework.test.context.support.AnnotationConfigContextLoaderUtils - Could not detect default configuration classes for test class [com.webservice.board.domain.posts.PostsRepositoryTest]: PostsRepositoryTest does not declare any static, non-private, non-final, nested classes annotated with @Configuration.
22:51:33.861 [Test worker] DEBUG org.springframework.test.context.support.ActiveProfilesUtils - Could not find an 'annotation declaring class' for annotation type [org.springframework.test.context.ActiveProfiles] and class [com.webservice.board.domain.posts.PostsRepositoryTest]
22:51:33.939 [Test worker] DEBUG org.springframework.context.annotation.ClassPathScanningCandidateComponentProvider - Identified candidate component class: file [/Users/Sevas/Documents/GitHub/springboot2-webservice/build/classes/java/main/com/webservice/board/Application.class]
22:51:33.940 [Test worker] INFO org.springframework.boot.test.context.SpringBootTestContextBootstrapper - Found @SpringBootConfiguration com.webservice.board.Application for test class com.webservice.board.domain.posts.PostsRepositoryTest
22:51:34.021 [Test worker] DEBUG org.springframework.boot.test.context.SpringBootTestContextBootstrapper - @TestExecutionListeners is not present for class [com.webservice.board.domain.posts.PostsRepositoryTest]: using defaults.
22:51:34.021 [Test worker] INFO org.springframework.boot.test.context.SpringBootTestContextBootstrapper - Loaded default TestExecutionListener class names from location [META-INF/spring.factories]: [org.springframework.boot.test.autoconfigure.restdocs.RestDocsTestExecutionListener, org.springframework.boot.test.autoconfigure.web.client.MockRestServiceServerResetTestExecutionListener, org.springframework.boot.test.autoconfigure.web.servlet.MockMvcPrintOnlyOnFailureTestExecutionListener, org.springframework.boot.test.autoconfigure.web.servlet.WebDriverTestExecutionListener, org.springframework.boot.test.mock.mockito.MockitoTestExecutionListener, org.springframework.boot.test.mock.mockito.ResetMocksTestExecutionListener, org.springframework.test.context.web.ServletTestExecutionListener, org.springframework.test.context.support.DirtiesContextBeforeModesTestExecutionListener, org.springframework.test.context.support.DependencyInjectionTestExecutionListener, org.springframework.test.context.support.DirtiesContextTestExecutionListener, org.springframework.test.context.transaction.TransactionalTestExecutionListener, org.springframework.test.context.jdbc.SqlScriptsTestExecutionListener]
22:51:34.037 [Test worker] INFO org.springframework.boot.test.context.SpringBootTestContextBootstrapper - Using TestExecutionListeners: [org.springframework.test.context.web.ServletTestExecutionListener@43df23d3, org.springframework.test.context.support.DirtiesContextBeforeModesTestExecutionListener@6d60fe40, org.springframework.boot.test.mock.mockito.MockitoTestExecutionListener@792b749c, org.springframework.boot.test.autoconfigure.SpringBootDependencyInjectionTestExecutionListener@23e84203, org.springframework.test.context.support.DirtiesContextTestExecutionListener@19932c16, org.springframework.test.context.transaction.TransactionalTestExecutionListener@73eb439a, org.springframework.test.context.jdbc.SqlScriptsTestExecutionListener@514646ef, org.springframework.boot.test.autoconfigure.restdocs.RestDocsTestExecutionListener@305ffe9e, org.springframework.boot.test.autoconfigure.web.client.MockRestServiceServerResetTestExecutionListener@302c971f, org.springframework.boot.test.autoconfigure.web.servlet.MockMvcPrintOnlyOnFailureTestExecutionListener@1972e513, org.springframework.boot.test.autoconfigure.web.servlet.WebDriverTestExecutionListener@7ae0a9ec, org.springframework.boot.test.mock.mockito.ResetMocksTestExecutionListener@35841320]
22:51:34.040 [Test worker] DEBUG org.springframework.test.annotation.ProfileValueUtils - Retrieved @ProfileValueSourceConfiguration [null] for test class [com.webservice.board.domain.posts.PostsRepositoryTest]
22:51:34.041 [Test worker] DEBUG org.springframework.test.annotation.ProfileValueUtils - Retrieved ProfileValueSource type [class org.springframework.test.annotation.SystemProfileValueSource] for class [com.webservice.board.domain.posts.PostsRepositoryTest]
22:51:34.044 [Test worker] DEBUG org.springframework.test.annotation.ProfileValueUtils - Retrieved @ProfileValueSourceConfiguration [null] for test class [com.webservice.board.domain.posts.PostsRepositoryTest]
22:51:34.044 [Test worker] DEBUG org.springframework.test.annotation.ProfileValueUtils - Retrieved ProfileValueSource type [class org.springframework.test.annotation.SystemProfileValueSource] for class [com.webservice.board.domain.posts.PostsRepositoryTest]
22:51:34.045 [Test worker] DEBUG org.springframework.test.annotation.ProfileValueUtils - Retrieved @ProfileValueSourceConfiguration [null] for test class [com.webservice.board.domain.posts.PostsRepositoryTest]
22:51:34.045 [Test worker] DEBUG org.springframework.test.annotation.ProfileValueUtils - Retrieved ProfileValueSource type [class org.springframework.test.annotation.SystemProfileValueSource] for class [com.webservice.board.domain.posts.PostsRepositoryTest]
22:51:34.048 [Test worker] DEBUG org.springframework.test.context.support.AbstractDirtiesContextTestExecutionListener - Before test class: context [DefaultTestContext@3cce5371 testClass = PostsRepositoryTest, testInstance = [null], testMethod = [null], testException = [null], mergedContextConfiguration = [WebMergedContextConfiguration@17bffc17 testClass = PostsRepositoryTest, locations = '{}', classes = '{class com.webservice.board.Application}', contextInitializerClasses = '[]', activeProfiles = '{}', propertySourceLocations = '{}', propertySourceProperties = '{org.springframework.boot.test.context.SpringBootTestContextBootstrapper=true}', contextCustomizers = set[org.springframework.boot.test.autoconfigure.properties.PropertyMappingContextCustomizer@0, org.springframework.boot.test.autoconfigure.web.servlet.WebDriverContextCustomizerFactory$Customizer@4efbca5a, org.springframework.boot.test.context.filter.ExcludeFilterContextCustomizer@72967906, org.springframework.boot.test.json.DuplicateJsonObjectContextCustomizerFactory$DuplicateJsonObjectContextCustomizer@747ddf94, org.springframework.boot.test.mock.mockito.MockitoContextCustomizer@0, org.springframework.boot.test.web.client.TestRestTemplateContextCustomizer@31304f14], resourceBasePath = 'src/main/webapp', contextLoader = 'org.springframework.boot.test.context.SpringBootContextLoader', parent = [null]], attributes = map['org.springframework.test.context.web.ServletTestExecutionListener.activateListener' -> true]], class annotated with @DirtiesContext [false] with mode [null].
22:51:34.049 [Test worker] DEBUG org.springframework.test.annotation.ProfileValueUtils - Retrieved @ProfileValueSourceConfiguration [null] for test class [com.webservice.board.domain.posts.PostsRepositoryTest]
22:51:34.049 [Test worker] DEBUG org.springframework.test.annotation.ProfileValueUtils - Retrieved ProfileValueSource type [class org.springframework.test.annotation.SystemProfileValueSource] for class [com.webservice.board.domain.posts.PostsRepositoryTest]
22:51:34.074 [Test worker] DEBUG org.springframework.test.context.support.TestPropertySourceUtils - Adding inlined properties to environment: {spring.jmx.enabled=false, org.springframework.boot.test.context.SpringBootTestContextBootstrapper=true, server.port=-1}

  .   ____          _            __ _ _
 /\\ / ___'_ __ _ _(_)_ __  __ _ \ \ \ \
( ( )\___ | '_ | '_| | '_ \/ _` | \ \ \ \
 \\/  ___)| |_)| | | | | || (_| |  ) ) ) )
  '  |____| .__|_| |_|_| |_\__, | / / / /
 =========|_|==============|___/=/_/_/_/
 :: Spring Boot ::        (v2.1.7.RELEASE)

2022-05-09 22:51:34.437  INFO 17164 --- [    Test worker] c.w.b.domain.posts.PostsRepositoryTest   : Starting PostsRepositoryTest on Sevas-MacBook-Pro.local with PID 17164 (started by Sevas in /Users/Sevas/Documents/GitHub/springboot2-webservice)
2022-05-09 22:51:34.438  INFO 17164 --- [    Test worker] c.w.b.domain.posts.PostsRepositoryTest   : No active profile set, falling back to default profiles: default
2022-05-09 22:51:34.996  INFO 17164 --- [    Test worker] .s.d.r.c.RepositoryConfigurationDelegate : Bootstrapping Spring Data repositories in DEFAULT mode.
2022-05-09 22:51:35.052  INFO 17164 --- [    Test worker] .s.d.r.c.RepositoryConfigurationDelegate : Finished Spring Data repository scanning in 50ms. Found 1 repository interfaces.
2022-05-09 22:51:35.493  INFO 17164 --- [    Test worker] trationDelegate$BeanPostProcessorChecker : Bean 'org.springframework.transaction.annotation.ProxyTransactionManagementConfiguration' of type [org.springframework.transaction.annotation.ProxyTransactionManagementConfiguration$$EnhancerBySpringCGLIB$$a203968e] is not eligible for getting processed by all BeanPostProcessors (for example: not eligible for auto-proxying)
2022-05-09 22:51:35.737  INFO 17164 --- [    Test worker] com.zaxxer.hikari.HikariDataSource       : HikariPool-1 - Starting...
2022-05-09 22:51:35.938  INFO 17164 --- [    Test worker] com.zaxxer.hikari.HikariDataSource       : HikariPool-1 - Start completed.
2022-05-09 22:51:36.013  INFO 17164 --- [    Test worker] o.hibernate.jpa.internal.util.LogHelper  : HHH000204: Processing PersistenceUnitInfo [
	name: default
	...]
2022-05-09 22:51:36.067  INFO 17164 --- [    Test worker] org.hibernate.Version                    : HHH000412: Hibernate Core {5.3.10.Final}
2022-05-09 22:51:36.068  INFO 17164 --- [    Test worker] org.hibernate.cfg.Environment            : HHH000206: hibernate.properties not found
2022-05-09 22:51:36.193  INFO 17164 --- [    Test worker] o.hibernate.annotations.common.Version   : HCANN000001: Hibernate Commons Annotations {5.0.4.Final}
2022-05-09 22:51:36.321  INFO 17164 --- [    Test worker] org.hibernate.dialect.Dialect            : HHH000400: Using dialect: org.hibernate.dialect.MySQL5InnoDBDialect
2022-05-09 22:51:36.867  INFO 17164 --- [    Test worker] o.h.t.schema.internal.SchemaCreatorImpl  : HHH000476: Executing import script 'org.hibernate.tool.schema.internal.exec.ScriptSourceInputNonExistentImpl@5fdd97c1'
2022-05-09 22:51:36.870  INFO 17164 --- [    Test worker] j.LocalContainerEntityManagerFactoryBean : Initialized JPA EntityManagerFactory for persistence unit 'default'
2022-05-09 22:51:37.602  INFO 17164 --- [    Test worker] o.s.s.concurrent.ThreadPoolTaskExecutor  : Initializing ExecutorService 'applicationTaskExecutor'
2022-05-09 22:51:37.654  WARN 17164 --- [    Test worker] aWebConfiguration$JpaWebMvcConfiguration : spring.jpa.open-in-view is enabled by default. Therefore, database queries may be performed during view rendering. Explicitly configure spring.jpa.open-in-view to disable this warning
2022-05-09 22:51:38.029  INFO 17164 --- [    Test worker] c.w.b.domain.posts.PostsRepositoryTest   : Started PostsRepositoryTest in 3.947 seconds (JVM running for 4.75)
2022-05-09 22:51:38.431  INFO 17164 --- [    Test worker] o.h.h.i.QueryTranslatorFactoryInitiator  : HHH000397: Using ASTQueryTranslatorFactory
>>>>>>>>>>>> createDate=2022-05-09T22:51:38.160, modifiedDate=2022-05-09T22:51:38.160
]]></system-out>
  <system-err><![CDATA[]]></system-err>
</testsuite>
