<?xml version="1.0" encoding="UTF-8"?>
<testsuite name="com.webservice.board.domain.posts.PostsRepositoryTest" tests="2" skipped="0" failures="0" errors="0" timestamp="2022-05-19T12:16:06" hostname="Sevas-MacBook-Pro.local" time="0.115">
  <properties/>
  <testcase name="registerBaseTimeEntity" classname="com.webservice.board.domain.posts.PostsRepositoryTest" time="0.107"/>
  <testcase name="saveContent" classname="com.webservice.board.domain.posts.PostsRepositoryTest" time="0.008"/>
  <system-out><![CDATA[2022-05-19 21:16:05.039  INFO 7004 --- [    Test worker] .b.t.c.SpringBootTestContextBootstrapper : Neither @ContextConfiguration nor @ContextHierarchy found for test class [com.webservice.board.domain.posts.PostsRepositoryTest], using SpringBootContextLoader
2022-05-19 21:16:05.039  INFO 7004 --- [    Test worker] o.s.t.c.support.AbstractContextLoader    : Could not detect default resource locations for test class [com.webservice.board.domain.posts.PostsRepositoryTest]: no resource found for suffixes {-context.xml, Context.groovy}.
2022-05-19 21:16:05.039  INFO 7004 --- [    Test worker] t.c.s.AnnotationConfigContextLoaderUtils : Could not detect default configuration classes for test class [com.webservice.board.domain.posts.PostsRepositoryTest]: PostsRepositoryTest does not declare any static, non-private, non-final, nested classes annotated with @Configuration.
2022-05-19 21:16:05.046  INFO 7004 --- [    Test worker] .b.t.c.SpringBootTestContextBootstrapper : Found @SpringBootConfiguration com.webservice.board.Application for test class com.webservice.board.domain.posts.PostsRepositoryTest
2022-05-19 21:16:05.048  INFO 7004 --- [    Test worker] .b.t.c.SpringBootTestContextBootstrapper : Loaded default TestExecutionListener class names from location [META-INF/spring.factories]: [org.springframework.security.test.context.support.WithSecurityContextTestExecutionListener, org.springframework.security.test.context.support.ReactorContextTestExecutionListener, org.springframework.boot.test.autoconfigure.restdocs.RestDocsTestExecutionListener, org.springframework.boot.test.autoconfigure.web.client.MockRestServiceServerResetTestExecutionListener, org.springframework.boot.test.autoconfigure.web.servlet.MockMvcPrintOnlyOnFailureTestExecutionListener, org.springframework.boot.test.autoconfigure.web.servlet.WebDriverTestExecutionListener, org.springframework.boot.test.mock.mockito.MockitoTestExecutionListener, org.springframework.boot.test.mock.mockito.ResetMocksTestExecutionListener, org.springframework.test.context.web.ServletTestExecutionListener, org.springframework.test.context.support.DirtiesContextBeforeModesTestExecutionListener, org.springframework.test.context.support.DependencyInjectionTestExecutionListener, org.springframework.test.context.support.DirtiesContextTestExecutionListener, org.springframework.test.context.transaction.TransactionalTestExecutionListener, org.springframework.test.context.jdbc.SqlScriptsTestExecutionListener]
2022-05-19 21:16:05.048  INFO 7004 --- [    Test worker] .b.t.c.SpringBootTestContextBootstrapper : Using TestExecutionListeners: [org.springframework.test.context.web.ServletTestExecutionListener@36f40d72, org.springframework.test.context.support.DirtiesContextBeforeModesTestExecutionListener@2c557eee, org.springframework.boot.test.mock.mockito.MockitoTestExecutionListener@7c47b0f8, org.springframework.boot.test.autoconfigure.SpringBootDependencyInjectionTestExecutionListener@2b561f51, org.springframework.test.context.support.DirtiesContextTestExecutionListener@3d5f08d4, org.springframework.test.context.transaction.TransactionalTestExecutionListener@3afaa39f, org.springframework.test.context.jdbc.SqlScriptsTestExecutionListener@7b7b1448, org.springframework.security.test.context.support.WithSecurityContextTestExecutionListener@60cc20e1, org.springframework.security.test.context.support.ReactorContextTestExecutionListener@25109d84, org.springframework.boot.test.autoconfigure.restdocs.RestDocsTestExecutionListener@4a1934e2, org.springframework.boot.test.autoconfigure.web.client.MockRestServiceServerResetTestExecutionListener@6963b0bd, org.springframework.boot.test.autoconfigure.web.servlet.MockMvcPrintOnlyOnFailureTestExecutionListener@68a94e58, org.springframework.boot.test.autoconfigure.web.servlet.WebDriverTestExecutionListener@49741274, org.springframework.boot.test.mock.mockito.ResetMocksTestExecutionListener@4a49919c]

  .   ____          _            __ _ _
 /\\ / ___'_ __ _ _(_)_ __  __ _ \ \ \ \
( ( )\___ | '_ | '_| | '_ \/ _` | \ \ \ \
 \\/  ___)| |_)| | | | | || (_| |  ) ) ) )
  '  |____| .__|_| |_|_| |_\__, | / / / /
 =========|_|==============|___/=/_/_/_/
 :: Spring Boot ::        (v2.1.7.RELEASE)

2022-05-19 21:16:05.067  INFO 7004 --- [    Test worker] c.w.b.domain.posts.PostsRepositoryTest   : Starting PostsRepositoryTest on Sevas-MacBook-Pro.local with PID 7004 (started by Sevas in /Users/Sevas/Documents/GitHub/springboot2-webservice)
2022-05-19 21:16:05.068  INFO 7004 --- [    Test worker] c.w.b.domain.posts.PostsRepositoryTest   : No active profile set, falling back to default profiles: default
2022-05-19 21:16:05.233  INFO 7004 --- [    Test worker] .s.d.r.c.RepositoryConfigurationDelegate : Bootstrapping Spring Data repositories in DEFAULT mode.
2022-05-19 21:16:05.247  INFO 7004 --- [    Test worker] .s.d.r.c.RepositoryConfigurationDelegate : Finished Spring Data repository scanning in 13ms. Found 2 repository interfaces.
2022-05-19 21:16:05.318  INFO 7004 --- [    Test worker] trationDelegate$BeanPostProcessorChecker : Bean 'org.springframework.transaction.annotation.ProxyTransactionManagementConfiguration' of type [org.springframework.transaction.annotation.ProxyTransactionManagementConfiguration$$EnhancerBySpringCGLIB$$373d1eed] is not eligible for getting processed by all BeanPostProcessors (for example: not eligible for auto-proxying)
2022-05-19 21:16:05.384  INFO 7004 --- [    Test worker] com.zaxxer.hikari.HikariDataSource       : HikariPool-2 - Starting...
2022-05-19 21:16:05.386  INFO 7004 --- [    Test worker] com.zaxxer.hikari.HikariDataSource       : HikariPool-2 - Start completed.
2022-05-19 21:16:05.406  INFO 7004 --- [    Test worker] o.hibernate.jpa.internal.util.LogHelper  : HHH000204: Processing PersistenceUnitInfo [
	name: default
	...]
2022-05-19 21:16:05.412  INFO 7004 --- [    Test worker] org.hibernate.dialect.Dialect            : HHH000400: Using dialect: org.hibernate.dialect.MySQL5InnoDBDialect
Hibernate: drop table if exists posts
Hibernate: drop table if exists user
Hibernate: create table posts (id bigint not null auto_increment, created_date datetime, modified_date datetime, author varchar(255), content TEXT not null, title varchar(500) not null, primary key (id)) engine=InnoDB
Hibernate: create table user (id bigint not null auto_increment, email varchar(255) not null, name varchar(255) not null, picture varchar(255), role varchar(255) not null, primary key (id)) engine=InnoDB
2022-05-19 21:16:05.452  INFO 7004 --- [    Test worker] o.h.t.schema.internal.SchemaCreatorImpl  : HHH000476: Executing import script 'org.hibernate.tool.schema.internal.exec.ScriptSourceInputNonExistentImpl@731db93f'
2022-05-19 21:16:05.452  INFO 7004 --- [    Test worker] j.LocalContainerEntityManagerFactoryBean : Initialized JPA EntityManagerFactory for persistence unit 'default'
2022-05-19 21:16:05.587  INFO 7004 --- [    Test worker] o.h.h.i.QueryTranslatorFactoryInitiator  : HHH000397: Using ASTQueryTranslatorFactory
2022-05-19 21:16:05.698  INFO 7004 --- [    Test worker] o.s.s.web.DefaultSecurityFilterChain     : Creating filter chain: any request, [org.springframework.security.web.context.request.async.WebAsyncManagerIntegrationFilter@1b53e6fc, org.springframework.security.web.context.SecurityContextPersistenceFilter@71135794, org.springframework.security.web.header.HeaderWriterFilter@34ff08c6, org.springframework.security.web.authentication.logout.LogoutFilter@4a10c019, org.springframework.security.oauth2.client.web.OAuth2AuthorizationRequestRedirectFilter@2ba9ed19, org.springframework.security.oauth2.client.web.OAuth2LoginAuthenticationFilter@3293030b, org.springframework.security.web.authentication.ui.DefaultLoginPageGeneratingFilter@21d48c40, org.springframework.security.web.authentication.ui.DefaultLogoutPageGeneratingFilter@391e2a, org.springframework.security.web.savedrequest.RequestCacheAwareFilter@79b0956e, org.springframework.security.web.servletapi.SecurityContextHolderAwareRequestFilter@35451ba6, org.springframework.security.web.authentication.AnonymousAuthenticationFilter@641cea11, org.springframework.security.web.session.SessionManagementFilter@e2344da, org.springframework.security.web.access.ExceptionTranslationFilter@1c528f2f, org.springframework.security.web.access.intercept.FilterSecurityInterceptor@3e24bab6]
2022-05-19 21:16:05.885  INFO 7004 --- [    Test worker] o.s.s.concurrent.ThreadPoolTaskExecutor  : Initializing ExecutorService 'applicationTaskExecutor'
2022-05-19 21:16:05.896  WARN 7004 --- [    Test worker] aWebConfiguration$JpaWebMvcConfiguration : spring.jpa.open-in-view is enabled by default. Therefore, database queries may be performed during view rendering. Explicitly configure spring.jpa.open-in-view to disable this warning
2022-05-19 21:16:05.915  INFO 7004 --- [    Test worker] o.s.b.a.w.s.WelcomePageHandlerMapping    : Adding welcome page template: index
2022-05-19 21:16:06.183  INFO 7004 --- [    Test worker] s.a.ScheduledAnnotationBeanPostProcessor : No TaskScheduler/ScheduledExecutorService bean found for scheduled processing
2022-05-19 21:16:06.184  INFO 7004 --- [    Test worker] c.w.b.domain.posts.PostsRepositoryTest   : Started PostsRepositoryTest in 1.134 seconds (JVM running for 8.332)
Hibernate: insert into posts (created_date, modified_date, author, content, title) values (?, ?, ?, ?, ?)
Hibernate: select posts0_.id as id1_0_, posts0_.created_date as created_2_0_, posts0_.modified_date as modified3_0_, posts0_.author as author4_0_, posts0_.content as content5_0_, posts0_.title as title6_0_ from posts posts0_
>>>>>>>>>>>> createDate=2022-05-19T21:16:06.234, modifiedDate=2022-05-19T21:16:06.234
Hibernate: select posts0_.id as id1_0_, posts0_.created_date as created_2_0_, posts0_.modified_date as modified3_0_, posts0_.author as author4_0_, posts0_.content as content5_0_, posts0_.title as title6_0_ from posts posts0_
Hibernate: delete from posts where id=?
Hibernate: insert into posts (created_date, modified_date, author, content, title) values (?, ?, ?, ?, ?)
Hibernate: select posts0_.id as id1_0_, posts0_.created_date as created_2_0_, posts0_.modified_date as modified3_0_, posts0_.author as author4_0_, posts0_.content as content5_0_, posts0_.title as title6_0_ from posts posts0_
Hibernate: select posts0_.id as id1_0_, posts0_.created_date as created_2_0_, posts0_.modified_date as modified3_0_, posts0_.author as author4_0_, posts0_.content as content5_0_, posts0_.title as title6_0_ from posts posts0_
Hibernate: delete from posts where id=?
]]></system-out>
  <system-err><![CDATA[]]></system-err>
</testsuite>
